<?xml version="1.0" encoding="UTF-8"?>
<!-- Generated by org.testng.reporters.JUnitReportReporter -->
<testsuite hostname="AGSA" failures="0" tests="1" name="project.Google" time="4.648" errors="0" timestamp="2023-09-07T11:47:14 IST" skipped="0">
  <testcase classname="project.Google" name="logib" time="4.648"/>
  <system-out/>
</testsuite> <!-- project.Google -->
