<?xml version="1.0" encoding="UTF-8"?>
<!-- Generated by org.testng.reporters.JUnitReportReporter -->
<testsuite hostname="AGSA" failures="0" tests="2" name="project.Login" time="0.016" errors="0" timestamp="2023-09-13T11:41:13 IST" skipped="0">
  <testcase classname="project.Login" name="loginbyfacebook" time="0.000"/>
  <system-out/>
  <testcase classname="project.Login" name="loginbyemail" time="0.016"/>
  <system-out/>
</testsuite> <!-- project.Login -->
